[2020-02-23T20:42:38.938] [INFO] app - connect perf: 26.84 ms
[2020-02-23T20:42:38.970] [INFO] app - initOnlinerCollection perf: 24.1 ms
[2020-02-23T20:42:38.997] [INFO] app - initTransportCollection perf: 45.08 ms
[2020-02-23T20:42:39.000] [INFO] app - initMetroCollection perf: 48.35 ms
[2020-02-23T20:42:39.004] [INFO] app - getMetroDatasetSenary perf: 4.3 ms
[2020-02-23T20:42:39.006] [INFO] app - getTransportDatasetSenary perf: 8.05 ms
[2020-02-23T20:42:40.999] [INFO] app - getRentPageEntitiesSenary perf: 2028.49 ms
[2020-02-23T20:42:41.434] [INFO] app - getDocument perf: 434.59 ms
[2020-02-23T20:42:41.457] [INFO] app - updateApartmentEntitySenary perf: 458.08 ms
[2020-02-23T20:42:41.458] [INFO] app - main perf: 2549.5 ms
[2020-02-23T23:09:47.428] [INFO] app - connect perf: 38.27 ms
[2020-02-23T23:12:40.833] [INFO] app - connect perf: 98.96 ms
[2020-02-23T23:12:40.846] [INFO] app - initTelegramBot perf: 114.05 ms
[2020-02-23T23:13:13.791] [INFO] app - connect perf: 65.14 ms
[2020-02-23T23:13:13.800] [INFO] app - initTelegramBot perf: 80.85 ms
[2020-02-23T23:18:07.273] [INFO] app - connect perf: 52.48 ms
[2020-02-23T23:18:07.282] [INFO] app - initTelegramBot perf: 66.97 ms
[2020-02-23T23:22:45.914] [INFO] app - connect perf: 56.9 ms
[2020-02-23T23:22:45.920] [INFO] app - initTelegramBot perf: 69.95 ms
[2020-02-23T23:22:52.627] [INFO] app - connect perf: 66.06 ms
[2020-02-23T23:22:52.630] [INFO] app - initTelegramBot perf: 80.75 ms
[2020-02-23T23:29:17.826] [INFO] app - connect perf: 96.96 ms
[2020-02-23T23:29:17.829] [INFO] app - initTelegramBot perf: 107.24 ms
[2020-02-23T23:37:06.148] [INFO] app - connect perf: 100.73 ms
[2020-02-23T23:37:06.150] [INFO] app - initTelegramBot perf: 110.79 ms
[2020-02-23T23:37:41.580] [INFO] app - connect perf: 73.47 ms
[2020-02-23T23:37:41.582] [INFO] app - initTelegramBot perf: 81.91 ms
[2020-02-23T23:37:52.251] [INFO] app - connect perf: 45.27 ms
[2020-02-23T23:37:52.254] [INFO] app - initTelegramBot perf: 53.59 ms
[2020-02-23T23:38:28.833] [INFO] app - connect perf: 124.58 ms
[2020-02-23T23:38:28.843] [INFO] app - initTelegramBot perf: 144.12 ms
[2020-02-23T23:40:06.537] [INFO] app - connect perf: 75.25 ms
[2020-02-23T23:40:06.546] [INFO] app - initTelegramBot perf: 91.67 ms
[2020-02-23T23:43:50.862] [INFO] app - connect perf: 59.86 ms
[2020-02-23T23:43:50.871] [INFO] app - initTelegramBot perf: 76.04 ms
[2020-02-23T23:45:54.306] [INFO] app - connect perf: 42.63 ms
[2020-02-23T23:45:54.308] [INFO] app - initTelegramBot perf: 54.25 ms
[2020-02-23T23:47:53.424] [INFO] app - connect perf: 101.55 ms
[2020-02-23T23:47:53.428] [INFO] app - initTelegramBot perf: 114.49 ms
[2020-02-23T23:48:44.948] [INFO] app - connect perf: 40.07 ms
[2020-02-23T23:48:44.957] [INFO] app - initTelegramBot perf: 55.67 ms
[2020-02-23T23:49:18.530] [INFO] app - nearSearch perf: 81.5 ms
[2020-02-23T23:53:36.041] [INFO] app - connect perf: 88.77 ms
[2020-02-23T23:53:36.049] [INFO] app - initTelegramBot perf: 103.47 ms
[2020-02-23T23:54:07.430] [INFO] app - nearSearch perf: 64.76 ms
[2020-02-23T23:54:13.026] [INFO] app - nearSearch perf: 23.74 ms
[2020-02-23T23:56:11.444] [INFO] app - connect perf: 64.7 ms
[2020-02-23T23:56:11.452] [INFO] app - initTelegramBot perf: 78.18 ms
[2020-02-23T23:56:23.582] [INFO] app - nearSearch perf: 61.61 ms
[2020-02-23T23:57:02.975] [INFO] app - nearSearch perf: 15.44 ms
[2020-02-23T23:58:23.728] [INFO] app - nearSearch perf: 18.03 ms
[2020-02-24T00:06:57.333] [INFO] app - connect perf: 83.09 ms
[2020-02-24T00:06:57.346] [INFO] app - initTelegramBot perf: 103.67 ms
[2020-02-24T00:11:26.149] [INFO] app - connect perf: 43.87 ms
[2020-02-24T00:11:26.153] [INFO] app - initTelegramBot perf: 55.96 ms
[2020-02-24T00:11:50.747] [INFO] app - connect perf: 45.38 ms
[2020-02-24T00:11:50.750] [INFO] app - initTelegramBot perf: 53.67 ms
[2020-02-24T00:19:40.820] [INFO] app - connect perf: 51.54 ms
[2020-02-24T00:19:40.823] [INFO] app - initTelegramBot perf: 60.96 ms
[2020-02-24T00:20:11.863] [INFO] app - connect perf: 76.16 ms
[2020-02-24T00:20:11.866] [INFO] app - initTelegramBot perf: 86.39 ms
[2020-02-24T00:20:43.054] [INFO] app - connect perf: 102.01 ms
[2020-02-24T00:20:43.058] [INFO] app - initTelegramBot perf: 113.74 ms
[2020-02-24T00:25:42.326] [INFO] app - connect perf: 87.16 ms
[2020-02-24T00:25:42.336] [INFO] app - initTelegramBot perf: 102.8 ms
[2020-02-24T00:56:50.562] [INFO] app - connect perf: 69.04 ms
[2020-02-24T00:56:50.565] [INFO] app - initTelegramBot perf: 80.2 ms
[2020-02-24T00:58:15.259] [INFO] app - connect perf: 44.78 ms
[2020-02-24T00:58:15.262] [INFO] app - initTelegramBot perf: 54.82 ms
[2020-02-24T01:03:18.429] [INFO] app - connect perf: 41.95 ms
[2020-02-24T01:03:18.438] [INFO] app - initTelegramBot perf: 59.55 ms
[2020-02-24T01:04:06.202] [INFO] app - connect perf: 57.22 ms
[2020-02-24T01:04:06.207] [INFO] app - initTelegramBot perf: 68.18 ms
[2020-02-24T01:04:44.735] [INFO] app - connect perf: 69.62 ms
[2020-02-24T01:04:44.738] [INFO] app - initTelegramBot perf: 79.16 ms
